<?xml version="1.0" encoding="utf-8"?><testsuites name="pytest tests"><testsuite name="pytest" errors="0" failures="0" skipped="0" tests="27" time="10.580" timestamp="2026-07-23T09:45:57.826966+00:00" hostname="agent-env-a78791d1-c411-4a36-8edb-b01aa7966ea1"><testcase classname="tests.backend_test.TestProgress" name="test_progress_unauth" time="0.215" /><testcase classname="tests.backend_test.TestAuth" name="test_signup_success" time="0.509" /><testcase classname="tests.backend_test.TestAuth" name="test_signup_duplicate_rejected" time="0.188" /><testcase classname="tests.backend_test.TestProgress" name="test_progress_correct_grants_xp" time="0.789" /><testcase classname="tests.backend_test.TestAuth" name="test_login_wrong_password" time="0.266" /><testcase classname="tests.backend_test.TestAuth" name="test_login_success" time="0.316" /><testcase classname="tests.backend_test.TestProgress" name="test_progress_idempotent_correct" time="0.362" /><testcase classname="tests.backend_test.TestAuth" name="test_me_requires_auth" time="0.043" /><testcase classname="tests.backend_test.TestAuth" name="test_me_with_bearer" time="0.043" /><testcase classname="tests.backend_test.TestProgress" name="test_progress_advanced_xp" time="0.044" /><testcase classname="tests.backend_test.TestAIGenerate" name="test_ai_requires_auth" time="0.045" /><testcase classname="tests.backend_test.TestProgress" name="test_get_progress" time="0.082" /><testcase classname="tests.backend_test.TestAIGenerate" name="test_ai_generate_success_and_shape" time="8.453" /><testcase classname="tests.backend_test.TestPayments" name="test_config" time="1.322" /><testcase classname="tests.backend_test.TestPayments" name="test_order_returns_503_when_unconfigured" time="0.100" /><testcase classname="tests.backend_test.TestPayments" name="test_order_requires_auth" time="0.039" /><testcase classname="tests.backend_test.TestCertificate" name="test_certificate_requires_auth" time="0.064" /><testcase classname="tests.backend_test.TestCertificate" name="test_certificate_locked_when_below_threshold" time="0.043" /><testcase classname="tests.backend_test.TestCertificate" name="test_certificate_unlocked_pdf" time="1.294" /><testcase classname="tests.backend_test.TestAdaptive" name="test_adaptive_requires_auth" time="0.041" /><testcase classname="tests.backend_test.TestAdaptive" name="test_adaptive_recommends_intermediate_after_beginner_streak" time="0.550" /><testcase classname="tests.backend_test.TestNewsletter" name="test_newsletter_valid" time="0.095" /><testcase classname="tests.backend_test.TestNewsletter" name="test_newsletter_invalid" time="0.041" /><testcase classname="tests.backend_test.TestHealth" name="test_api_root" time="0.084" /><testcase classname="tests.backend_test.TestLeaderboard" name="test_leaderboard_public" time="0.041" /><testcase classname="tests.backend_test.TestAIGenerate" name="test_questions_get_returns_generated" time="0.045" /><testcase classname="tests.backend_test.TestAIGenerate" name="test_questions_get_empty_module" time="0.044" /></testsuite></testsuites>