<?xml version="1.0" encoding="utf-8"?><testsuites name="pytest tests"><testsuite name="pytest" errors="0" failures="0" skipped="0" tests="20" time="2.201" timestamp="2026-07-23T08:41:50.868589+00:00" hostname="agent-env-a78791d1-c411-4a36-8edb-b01aa7966ea1"><testcase classname="tests.backend_test.TestProgress" name="test_progress_unauth" time="0.164" /><testcase classname="tests.backend_test.TestProgress" name="test_progress_correct_grants_xp" time="0.631" /><testcase classname="tests.backend_test.TestAuth" name="test_signup_success" time="0.679" /><testcase classname="tests.backend_test.TestAuth" name="test_signup_duplicate_rejected" time="0.049" /><testcase classname="tests.backend_test.TestAuth" name="test_login_wrong_password" time="0.268" /><testcase classname="tests.backend_test.TestProgress" name="test_progress_idempotent_correct" time="0.510" /><testcase classname="tests.backend_test.TestAuth" name="test_login_success" time="0.267" /><testcase classname="tests.backend_test.TestAuth" name="test_me_requires_auth" time="0.087" /><testcase classname="tests.backend_test.TestProgress" name="test_progress_advanced_xp" time="0.043" /><testcase classname="tests.backend_test.TestProgress" name="test_get_progress" time="0.044" /><testcase classname="tests.backend_test.TestAuth" name="test_me_with_bearer" time="0.044" /><testcase classname="tests.backend_test.TestAIGenerate" name="test_ai_requires_auth" time="0.081" /><testcase classname="tests.backend_test.TestPayments" name="test_config" time="0.042" /><testcase classname="tests.backend_test.TestPayments" name="test_order_returns_503_when_unconfigured" time="0.086" /><testcase classname="tests.backend_test.TestAIGenerate" name="test_ai_requires_premium" time="0.040" /><testcase classname="tests.backend_test.TestNewsletter" name="test_newsletter_valid" time="0.105" /><testcase classname="tests.backend_test.TestPayments" name="test_order_requires_auth" time="0.048" /><testcase classname="tests.backend_test.TestHealth" name="test_api_root" time="0.043" /><testcase classname="tests.backend_test.TestNewsletter" name="test_newsletter_invalid" time="0.048" /><testcase classname="tests.backend_test.TestLeaderboard" name="test_leaderboard_public" time="0.041" /></testsuite></testsuites>